mode: count
github.com/aneshas/loom/internal/db/migrate.go:17.70,21.20 3 0
github.com/aneshas/loom/internal/db/migrate.go:21.20,30.17 3 0
github.com/aneshas/loom/internal/db/migrate.go:30.17,32.4 1 0
github.com/aneshas/loom/internal/db/migrate.go:33.8,42.17 3 0
github.com/aneshas/loom/internal/db/migrate.go:42.17,44.4 1 0
github.com/aneshas/loom/internal/db/migrate.go:47.2,47.15 1 0
github.com/aneshas/loom/internal/db/migrate.go:47.15,48.15 1 0
github.com/aneshas/loom/internal/db/migrate.go:48.15,49.39 1 0
github.com/aneshas/loom/internal/db/migrate.go:49.39,51.5 1 0
github.com/aneshas/loom/internal/db/migrate.go:56.2,56.61 1 0
github.com/aneshas/loom/internal/db/migrate.go:56.61,58.3 1 0
github.com/aneshas/loom/internal/db/migrate.go:60.2,61.12 2 0
github.com/aneshas/loom/cmd/loom/main.go:14.13,33.48 2 0
github.com/aneshas/loom/cmd/loom/main.go:33.48,36.4 2 0
github.com/aneshas/loom/cmd/loom/main.go:40.2,57.48 2 0
github.com/aneshas/loom/cmd/loom/main.go:57.48,67.18 2 0
github.com/aneshas/loom/cmd/loom/main.go:67.18,70.5 2 0
github.com/aneshas/loom/cmd/loom/main.go:73.4,74.61 2 0
github.com/aneshas/loom/cmd/loom/main.go:74.61,77.5 2 0
github.com/aneshas/loom/cmd/loom/main.go:80.4,81.18 2 0
github.com/aneshas/loom/cmd/loom/main.go:81.18,84.5 2 0
github.com/aneshas/loom/cmd/loom/main.go:87.4,87.67 1 0
github.com/aneshas/loom/cmd/loom/main.go:87.67,90.5 2 0
github.com/aneshas/loom/cmd/loom/main.go:92.4,92.62 1 0
github.com/aneshas/loom/cmd/loom/main.go:96.2,104.48 1 0
github.com/aneshas/loom/cmd/loom/main.go:104.48,105.51 1 0
github.com/aneshas/loom/cmd/loom/main.go:105.51,108.5 2 0
github.com/aneshas/loom/cmd/loom/main.go:110.4,114.41 4 0
github.com/aneshas/loom/cmd/loom/main.go:114.41,117.5 2 0
github.com/aneshas/loom/cmd/loom/main.go:122.4,126.40 4 0
github.com/aneshas/loom/cmd/loom/main.go:126.40,129.5 2 0
github.com/aneshas/loom/cmd/loom/main.go:131.4,131.50 1 0
github.com/aneshas/loom/cmd/loom/main.go:135.2,140.42 4 0
github.com/aneshas/loom/cmd/loom/main.go:140.42,143.3 2 0
github.com/aneshas/loom/cmd/loom/main.go:150.44,152.16 2 0
github.com/aneshas/loom/cmd/loom/main.go:152.16,155.3 2 0
github.com/aneshas/loom/cmd/loom/main.go:157.2,157.28 1 0
